<?xml version="1.0" encoding="UTF-8"?>
<!-- Generated by org.testng.reporters.JUnitXMLReporter -->
<testsuite ignored="0" hostname="DESKTOP-JC5M1H8" failures="0" tests="4" name="Test" time="121.401" errors="0" timestamp="2021-09-10T10:54:51 IST">
  <testcase classname="Academy.validateNavigationBar" name="basePageNavigation" time="0.892"/>
  <testcase classname="Academy.HomePage" name="basePageNavigation" time="38.275"/>
  <testcase classname="Academy.HomePage" name="basePageNavigation" time="32.496"/>
  <testcase classname="Academy.validateTitle" name="basePageNavigation" time="0.365"/>
</testsuite> <!-- Test -->
